<?xml version="1.0" encoding="UTF-8"?>
<beans xmlns="http://www.springframework.org/schema/beans"
	xmlns:jpa="http://www.springframework.org/schema/data/jpa" xmlns:xsi="http://www.w3.org/2001/XMLSchema-instance"
	xmlns:context="http://www.springframework.org/schema/context" xmlns:tx="http://www.springframework.org/schema/tx"
	xsi:schemaLocation="http://www.springframework.org/schema/beans http://www.springframework.org/schema/beans/spring-beans.xsd
                http://www.springframework.org/schema/data/jpa http://www.springframework.org/schema/data/jpa/spring-jpa.xsd
                http://www.springframework.org/schema/context http://www.springframework.org/schema/context/spring-context-3.0.xsd
                http://www.springframework.org/schema/tx http://www.springframework.org/schema/tx/spring-tx-3.0.xsd">

	<!-- <import resource="test-infrastructure.xml" /> -->
	<import resource="test-mysql-infrastructure.xml" />
	
	<tx:annotation-driven transaction-manager="transactionManager" />

	<context:annotation-config />
	
	<context:component-scan base-package="com.bimoku.dataplatform.service" />
	
	<bean id="DataGenerator" class="com.bimoku.dataplatform.util.DataGenerator" />	
	
	<jpa:repositories base-package="com.bimoku.dataplatform.dao" />
		
</beans>